[ 2025-11-30 19:35:52,542 ] 1025 httpx - INFO - HTTP Request: GET https://dagshub.com/api/v1/user "HTTP/1.1 200 OK"
[ 2025-11-30 19:35:52,549 ] 107 dagshub - INFO - Accessing as RuqsarFirdous
[ 2025-11-30 19:35:53,566 ] 1025 httpx - INFO - HTTP Request: GET https://dagshub.com/api/v1/repos/RuqsarFirdous/Network-security "HTTP/1.1 200 OK"
[ 2025-11-30 19:35:55,031 ] 1025 httpx - INFO - HTTP Request: GET https://dagshub.com/api/v1/user "HTTP/1.1 200 OK"
[ 2025-11-30 19:35:55,033 ] 107 dagshub - INFO - Initialized MLflow to track repo "RuqsarFirdous/Network-security"
[ 2025-11-30 19:35:55,034 ] 107 dagshub - INFO - Repository RuqsarFirdous/Network-security initialized!
[ 2025-11-30 19:35:55,068 ] 20 root - INFO - Initiate the data ingestion
[ 2025-11-30 19:35:57,961 ] 65 root - INFO - Performed train test split on the dataframe
[ 2025-11-30 19:35:57,961 ] 67 root - INFO - Exited split_data_as_train_test method of Data_Ingestion class
[ 2025-11-30 19:35:57,961 ] 75 root - INFO - Exporting train and test file path.
[ 2025-11-30 19:35:57,997 ] 84 root - INFO - Exported train and test file path.
[ 2025-11-30 19:35:57,998 ] 22 root - INFO - Data Initiation Completed
[ 2025-11-30 19:35:58,002 ] 26 root - INFO - Initiate the data Validation
[ 2025-11-30 19:35:58,198 ] 32 root - INFO - Required number of columns:2
[ 2025-11-30 19:35:58,199 ] 33 root - INFO - Data frame has columns:31
[ 2025-11-30 19:35:58,199 ] 32 root - INFO - Required number of columns:2
[ 2025-11-30 19:35:58,199 ] 33 root - INFO - Data frame has columns:31
[ 2025-11-30 19:35:58,305 ] 28 root - INFO - data Validation Completed
[ 2025-11-30 19:35:58,306 ] 31 root - INFO - data Transformation started
[ 2025-11-30 19:35:58,306 ] 63 root - INFO - Entered initiate_data_transformation method of DataTransformation class
[ 2025-11-30 19:35:58,306 ] 65 root - INFO - Starting data transformation
[ 2025-11-30 19:35:58,321 ] 48 root - INFO - Entered get_data_trnasformer_object method of Trnasformation class
[ 2025-11-30 19:35:58,321 ] 53 root - INFO - Initialise KNNImputer with {'missing_values': nan, 'n_neighbors': 3, 'weights': 'uniform'}
[ 2025-11-30 19:35:58,331 ] 49 root - INFO - Entered the save_object method of MainUtils class
[ 2025-11-30 19:35:58,334 ] 53 root - INFO - Exited the save_object method of MainUtils class
[ 2025-11-30 19:35:58,334 ] 49 root - INFO - Entered the save_object method of MainUtils class
[ 2025-11-30 19:35:58,336 ] 53 root - INFO - Exited the save_object method of MainUtils class
[ 2025-11-30 19:35:58,337 ] 35 root - INFO - data Transformation completed
[ 2025-11-30 19:35:58,337 ] 37 root - INFO - Model Training sstared
