[ 2025-11-30 19:18:01,236 ] 1025 httpx - INFO - HTTP Request: GET https://dagshub.com/api/v1/user "HTTP/1.1 200 OK"
[ 2025-11-30 19:18:01,236 ] 107 dagshub - INFO - Accessing as RuqsarFirdous
[ 2025-11-30 19:18:02,298 ] 1025 httpx - INFO - HTTP Request: GET https://dagshub.com/api/v1/repos/RuqsarFirdous/Network-security "HTTP/1.1 200 OK"
[ 2025-11-30 19:18:03,294 ] 1025 httpx - INFO - HTTP Request: GET https://dagshub.com/api/v1/user "HTTP/1.1 200 OK"
[ 2025-11-30 19:18:03,294 ] 107 dagshub - INFO - Initialized MLflow to track repo "RuqsarFirdous/Network-security"
[ 2025-11-30 19:18:03,294 ] 107 dagshub - INFO - Repository RuqsarFirdous/Network-security initialized!
[ 2025-11-30 19:18:03,351 ] 20 root - INFO - Initiate the data ingestion
[ 2025-11-30 19:18:04,818 ] 65 root - INFO - Performed train test split on the dataframe
[ 2025-11-30 19:18:04,818 ] 67 root - INFO - Exited split_data_as_train_test method of Data_Ingestion class
[ 2025-11-30 19:18:04,818 ] 75 root - INFO - Exporting train and test file path.
[ 2025-11-30 19:18:04,848 ] 84 root - INFO - Exported train and test file path.
[ 2025-11-30 19:18:04,848 ] 22 root - INFO - Data Initiation Completed
[ 2025-11-30 19:18:04,848 ] 26 root - INFO - Initiate the data Validation
[ 2025-11-30 19:18:04,953 ] 32 root - INFO - Required number of columns:2
[ 2025-11-30 19:18:04,953 ] 33 root - INFO - Data frame has columns:31
[ 2025-11-30 19:18:04,953 ] 32 root - INFO - Required number of columns:2
[ 2025-11-30 19:18:04,953 ] 33 root - INFO - Data frame has columns:31
[ 2025-11-30 19:18:05,038 ] 28 root - INFO - data Validation Completed
[ 2025-11-30 19:18:05,038 ] 31 root - INFO - data Transformation started
[ 2025-11-30 19:18:05,038 ] 63 root - INFO - Entered initiate_data_transformation method of DataTransformation class
[ 2025-11-30 19:18:05,038 ] 65 root - INFO - Starting data transformation
[ 2025-11-30 19:18:05,048 ] 48 root - INFO - Entered get_data_trnasformer_object method of Trnasformation class
[ 2025-11-30 19:18:05,048 ] 53 root - INFO - Initialise KNNImputer with {'missing_values': nan, 'n_neighbors': 3, 'weights': 'uniform'}
[ 2025-11-30 19:18:05,070 ] 49 root - INFO - Entered the save_object method of MainUtils class
[ 2025-11-30 19:18:05,070 ] 53 root - INFO - Exited the save_object method of MainUtils class
[ 2025-11-30 19:18:05,070 ] 49 root - INFO - Entered the save_object method of MainUtils class
[ 2025-11-30 19:18:05,070 ] 53 root - INFO - Exited the save_object method of MainUtils class
[ 2025-11-30 19:18:05,070 ] 35 root - INFO - data Transformation completed
[ 2025-11-30 19:18:05,080 ] 37 root - INFO - Model Training sstared
