[ 2025-11-30 18:55:24,966 ] 1025 httpx - INFO - HTTP Request: GET https://dagshub.com/api/v1/user "HTTP/1.1 200 OK"
[ 2025-11-30 18:55:24,970 ] 107 dagshub - INFO - Accessing as RuqsarFirdous
[ 2025-11-30 18:55:27,108 ] 1025 httpx - INFO - HTTP Request: GET https://dagshub.com/api/v1/repos/RuqsarFirdous/Network-security "HTTP/1.1 200 OK"
[ 2025-11-30 18:55:28,152 ] 1025 httpx - INFO - HTTP Request: GET https://dagshub.com/api/v1/user "HTTP/1.1 200 OK"
[ 2025-11-30 18:55:28,157 ] 107 dagshub - INFO - Initialized MLflow to track repo "RuqsarFirdous/Network-security"
[ 2025-11-30 18:55:28,158 ] 107 dagshub - INFO - Repository RuqsarFirdous/Network-security initialized!
[ 2025-11-30 18:55:28,201 ] 20 root - INFO - Initiate the data ingestion
[ 2025-11-30 18:55:33,834 ] 65 root - INFO - Performed train test split on the dataframe
[ 2025-11-30 18:55:33,834 ] 67 root - INFO - Exited split_data_as_train_test method of Data_Ingestion class
[ 2025-11-30 18:55:33,836 ] 75 root - INFO - Exporting train and test file path.
[ 2025-11-30 18:55:33,872 ] 84 root - INFO - Exported train and test file path.
[ 2025-11-30 18:55:33,872 ] 22 root - INFO - Data Initiation Completed
[ 2025-11-30 18:55:33,876 ] 26 root - INFO - Initiate the data Validation
[ 2025-11-30 18:55:33,993 ] 32 root - INFO - Required number of columns:2
[ 2025-11-30 18:55:33,995 ] 33 root - INFO - Data frame has columns:31
[ 2025-11-30 18:55:33,995 ] 32 root - INFO - Required number of columns:2
[ 2025-11-30 18:55:33,995 ] 33 root - INFO - Data frame has columns:31
[ 2025-11-30 18:55:34,081 ] 28 root - INFO - data Validation Completed
[ 2025-11-30 18:55:34,081 ] 31 root - INFO - data Transformation started
[ 2025-11-30 18:55:34,081 ] 63 root - INFO - Entered initiate_data_transformation method of DataTransformation class
[ 2025-11-30 18:55:34,081 ] 65 root - INFO - Starting data transformation
[ 2025-11-30 18:55:34,098 ] 48 root - INFO - Entered get_data_trnasformer_object method of Trnasformation class
[ 2025-11-30 18:55:34,098 ] 53 root - INFO - Initialise KNNImputer with {'missing_values': nan, 'n_neighbors': 3, 'weights': 'uniform'}
[ 2025-11-30 18:55:34,109 ] 49 root - INFO - Entered the save_object method of MainUtils class
[ 2025-11-30 18:55:34,111 ] 53 root - INFO - Exited the save_object method of MainUtils class
[ 2025-11-30 18:55:34,111 ] 49 root - INFO - Entered the save_object method of MainUtils class
[ 2025-11-30 18:55:34,113 ] 53 root - INFO - Exited the save_object method of MainUtils class
[ 2025-11-30 18:55:34,114 ] 35 root - INFO - data Transformation completed
[ 2025-11-30 18:55:34,114 ] 37 root - INFO - Model Training sstared
