[ 2025-11-30 19:30:18,629 ] 1025 httpx - INFO - HTTP Request: GET https://dagshub.com/api/v1/user "HTTP/1.1 200 OK"
[ 2025-11-30 19:30:18,636 ] 107 dagshub - INFO - Accessing as RuqsarFirdous
[ 2025-11-30 19:30:19,825 ] 1025 httpx - INFO - HTTP Request: GET https://dagshub.com/api/v1/repos/RuqsarFirdous/Network-security "HTTP/1.1 200 OK"
[ 2025-11-30 19:30:21,117 ] 1025 httpx - INFO - HTTP Request: GET https://dagshub.com/api/v1/user "HTTP/1.1 200 OK"
[ 2025-11-30 19:30:21,122 ] 107 dagshub - INFO - Initialized MLflow to track repo "RuqsarFirdous/Network-security"
[ 2025-11-30 19:30:21,124 ] 107 dagshub - INFO - Repository RuqsarFirdous/Network-security initialized!
[ 2025-11-30 19:30:21,171 ] 20 root - INFO - Initiate the data ingestion
[ 2025-11-30 19:30:28,091 ] 65 root - INFO - Performed train test split on the dataframe
[ 2025-11-30 19:30:28,091 ] 67 root - INFO - Exited split_data_as_train_test method of Data_Ingestion class
[ 2025-11-30 19:30:28,091 ] 75 root - INFO - Exporting train and test file path.
[ 2025-11-30 19:30:28,127 ] 84 root - INFO - Exported train and test file path.
[ 2025-11-30 19:30:28,127 ] 22 root - INFO - Data Initiation Completed
[ 2025-11-30 19:30:28,131 ] 26 root - INFO - Initiate the data Validation
[ 2025-11-30 19:30:28,235 ] 32 root - INFO - Required number of columns:2
[ 2025-11-30 19:30:28,235 ] 33 root - INFO - Data frame has columns:31
[ 2025-11-30 19:30:28,235 ] 32 root - INFO - Required number of columns:2
[ 2025-11-30 19:30:28,235 ] 33 root - INFO - Data frame has columns:31
[ 2025-11-30 19:30:28,337 ] 28 root - INFO - data Validation Completed
[ 2025-11-30 19:30:28,337 ] 31 root - INFO - data Transformation started
[ 2025-11-30 19:30:28,337 ] 63 root - INFO - Entered initiate_data_transformation method of DataTransformation class
[ 2025-11-30 19:30:28,337 ] 65 root - INFO - Starting data transformation
[ 2025-11-30 19:30:28,352 ] 48 root - INFO - Entered get_data_trnasformer_object method of Trnasformation class
[ 2025-11-30 19:30:28,352 ] 53 root - INFO - Initialise KNNImputer with {'missing_values': nan, 'n_neighbors': 3, 'weights': 'uniform'}
[ 2025-11-30 19:30:28,359 ] 49 root - INFO - Entered the save_object method of MainUtils class
[ 2025-11-30 19:30:28,361 ] 53 root - INFO - Exited the save_object method of MainUtils class
[ 2025-11-30 19:30:28,362 ] 49 root - INFO - Entered the save_object method of MainUtils class
[ 2025-11-30 19:30:28,364 ] 53 root - INFO - Exited the save_object method of MainUtils class
[ 2025-11-30 19:30:28,365 ] 35 root - INFO - data Transformation completed
[ 2025-11-30 19:30:28,365 ] 37 root - INFO - Model Training sstared
